  Main.cpp
D:\GitHub\-Labs\SDL\RogueLike\RogueLike\Main.cpp(372,16): warning C4477: "fscanf_s": в строке форматирования "%s" требуется аргумент типа "unsigned int", но вариативный аргумент "2" имеет тип "size_t"
D:\GitHub\-Labs\SDL\RogueLike\RogueLike\Main.cpp(372,16): message : этот аргумент используется в качестве размера буфера
D:\GitHub\-Labs\SDL\RogueLike\RogueLike\Main.cpp(490,32): warning C4244: return: преобразование "double" в "int", возможна потеря данных
D:\GitHub\-Labs\SDL\RogueLike\RogueLike\Main.cpp(570,14): warning C4244: return: преобразование "double" в "float", возможна потеря данных
D:\GitHub\-Labs\SDL\RogueLike\RogueLike\Main.cpp(575,11): warning C4244: инициализация: преобразование "int" в "float", возможна потеря данных
D:\GitHub\-Labs\SDL\RogueLike\RogueLike\Main.cpp(575,28): warning C4244: инициализация: преобразование "int" в "float", возможна потеря данных
D:\GitHub\-Labs\SDL\RogueLike\RogueLike\Main.cpp(584,21): warning C4244: =: преобразование "float" в "int", возможна потеря данных
D:\GitHub\-Labs\SDL\RogueLike\RogueLike\Main.cpp(585,21): warning C4244: =: преобразование "float" в "int", возможна потеря данных
D:\GitHub\-Labs\SDL\RogueLike\RogueLike\Main.cpp(613,12): warning C4244: инициализация: преобразование "double" в "int", возможна потеря данных
D:\GitHub\-Labs\SDL\RogueLike\RogueLike\Main.cpp(632,12): warning C4244: инициализация: преобразование "double" в "int", возможна потеря данных
D:\GitHub\-Labs\SDL\RogueLike\RogueLike\Main.cpp(663,8): warning C4244: инициализация: преобразование "double" в "int", возможна потеря данных
D:\GitHub\-Labs\SDL\RogueLike\RogueLike\Main.cpp(669,13): warning C4244: return: преобразование "double" в "float", возможна потеря данных
D:\GitHub\-Labs\SDL\RogueLike\RogueLike\Main.cpp(799,19): warning C4244: аргумент: преобразование "double" в "int", возможна потеря данных
D:\GitHub\-Labs\SDL\RogueLike\RogueLike\Main.cpp(807,19): warning C4244: аргумент: преобразование "double" в "int", возможна потеря данных
D:\GitHub\-Labs\SDL\RogueLike\RogueLike\Main.cpp(815,19): warning C4244: аргумент: преобразование "double" в "int", возможна потеря данных
D:\GitHub\-Labs\SDL\RogueLike\RogueLike\Main.cpp(1218,16): warning C4244: инициализация: преобразование "double" в "int", возможна потеря данных
D:\GitHub\-Labs\SDL\RogueLike\RogueLike\Main.cpp(1277,18): warning C4244: *=: преобразование "double" в "int", возможна потеря данных
D:\GitHub\-Labs\SDL\RogueLike\RogueLike\Main.cpp(1303,14): warning C4244: инициализация: преобразование "double" в "int", возможна потеря данных
D:\GitHub\-Labs\SDL\RogueLike\RogueLike\Main.cpp(1337,17): warning C4244: инициализация: преобразование "double" в "int", возможна потеря данных
D:\GitHub\-Labs\SDL\RogueLike\RogueLike\Main.cpp(1388,1): warning C4067: непредвиденные лексемы за директивой препроцессора, требуется newline
D:\GitHub\-Labs\SDL\RogueLike\RogueLike\Main.cpp(1391,12): warning C4244: аргумент: преобразование "time_t" в "unsigned int", возможна потеря данных
D:\GitHub\-Labs\SDL\RogueLike\RogueLike\Main.cpp(1080): warning C4715: `FindPath'::`2'::Root::addBranch: значение возвращается не при всех путях выполнения
  RogueLike.vcxproj -> D:\GitHub\-Labs\SDL\RogueLike\x64\Debug\RogueLike.exe
