  Source.cpp
D:\GitHub\-Labs\SpaceBattleShips\SpaceBattleShips\Source.cpp(25,29): warning C4305: инициализация: усечение из "double" в "float"
D:\GitHub\-Labs\SpaceBattleShips\SpaceBattleShips\Source.cpp(26,30): warning C4305: инициализация: усечение из "double" в "float"
D:\GitHub\-Labs\SpaceBattleShips\SpaceBattleShips\Source.cpp(75,35): warning C4244: return: преобразование "float" в "int", возможна потеря данных
D:\GitHub\-Labs\SpaceBattleShips\SpaceBattleShips\Source.cpp(147,29): warning C4244: аргумент: преобразование "int" в "float", возможна потеря данных
D:\GitHub\-Labs\SpaceBattleShips\SpaceBattleShips\Source.cpp(147,24): warning C4244: аргумент: преобразование "int" в "float", возможна потеря данных
D:\GitHub\-Labs\SpaceBattleShips\SpaceBattleShips\Source.cpp(148,29): warning C4244: аргумент: преобразование "int" в "float", возможна потеря данных
D:\GitHub\-Labs\SpaceBattleShips\SpaceBattleShips\Source.cpp(148,24): warning C4244: аргумент: преобразование "int" в "float", возможна потеря данных
D:\GitHub\-Labs\SpaceBattleShips\SpaceBattleShips\Source.cpp(152,29): warning C4244: аргумент: преобразование "int" в "float", возможна потеря данных
D:\GitHub\-Labs\SpaceBattleShips\SpaceBattleShips\Source.cpp(152,24): warning C4244: аргумент: преобразование "int" в "float", возможна потеря данных
D:\GitHub\-Labs\SpaceBattleShips\SpaceBattleShips\Source.cpp(155,29): warning C4244: аргумент: преобразование "int" в "float", возможна потеря данных
D:\GitHub\-Labs\SpaceBattleShips\SpaceBattleShips\Source.cpp(155,24): warning C4244: аргумент: преобразование "int" в "float", возможна потеря данных
D:\GitHub\-Labs\SpaceBattleShips\SpaceBattleShips\Source.cpp(158,29): warning C4244: аргумент: преобразование "int" в "float", возможна потеря данных
D:\GitHub\-Labs\SpaceBattleShips\SpaceBattleShips\Source.cpp(158,24): warning C4244: аргумент: преобразование "int" в "float", возможна потеря данных
D:\GitHub\-Labs\SpaceBattleShips\SpaceBattleShips\Source.cpp(483,25): warning C4244: =: преобразование "int" в "float", возможна потеря данных
D:\GitHub\-Labs\SpaceBattleShips\SpaceBattleShips\Source.cpp(484,25): warning C4244: =: преобразование "int" в "float", возможна потеря данных
D:\GitHub\-Labs\SpaceBattleShips\SpaceBattleShips\Source.cpp(489,28): warning C4244: =: преобразование "int" в "float", возможна потеря данных
D:\GitHub\-Labs\SpaceBattleShips\SpaceBattleShips\Source.cpp(490,28): warning C4244: =: преобразование "int" в "float", возможна потеря данных
D:\GitHub\-Labs\SpaceBattleShips\SpaceBattleShips\Source.cpp(614,10): warning C4244: *=: преобразование "float" в "int", возможна потеря данных
D:\GitHub\-Labs\SpaceBattleShips\SpaceBattleShips\Source.cpp(623,12): warning C4244: инициализация: преобразование "double" в "int", возможна потеря данных
D:\GitHub\-Labs\SpaceBattleShips\SpaceBattleShips\Source.cpp(624,28): warning C4838: Преобразование из "float" в "int" требует сужающего преобразования.
D:\GitHub\-Labs\SpaceBattleShips\SpaceBattleShips\Source.cpp(624,28): warning C4244: инициализация: преобразование "float" в "int", возможна потеря данных
D:\GitHub\-Labs\SpaceBattleShips\SpaceBattleShips\Source.cpp(624,39): warning C4838: Преобразование из "float" в "int" требует сужающего преобразования.
D:\GitHub\-Labs\SpaceBattleShips\SpaceBattleShips\Source.cpp(624,39): warning C4244: инициализация: преобразование "float" в "int", возможна потеря данных
D:\GitHub\-Labs\SpaceBattleShips\SpaceBattleShips\Source.cpp(641,28): warning C4838: Преобразование из "float" в "int" требует сужающего преобразования.
D:\GitHub\-Labs\SpaceBattleShips\SpaceBattleShips\Source.cpp(641,28): warning C4244: инициализация: преобразование "float" в "int", возможна потеря данных
D:\GitHub\-Labs\SpaceBattleShips\SpaceBattleShips\Source.cpp(641,39): warning C4838: Преобразование из "float" в "int" требует сужающего преобразования.
D:\GitHub\-Labs\SpaceBattleShips\SpaceBattleShips\Source.cpp(641,39): warning C4244: инициализация: преобразование "float" в "int", возможна потеря данных
D:\GitHub\-Labs\SpaceBattleShips\SpaceBattleShips\Source.cpp(641,44): warning C4838: Преобразование из "float" в "int" требует сужающего преобразования.
D:\GitHub\-Labs\SpaceBattleShips\SpaceBattleShips\Source.cpp(641,44): warning C4244: инициализация: преобразование "float" в "int", возможна потеря данных
D:\GitHub\-Labs\SpaceBattleShips\SpaceBattleShips\Source.cpp(641,54): warning C4838: Преобразование из "float" в "int" требует сужающего преобразования.
D:\GitHub\-Labs\SpaceBattleShips\SpaceBattleShips\Source.cpp(641,54): warning C4244: инициализация: преобразование "float" в "int", возможна потеря данных
D:\GitHub\-Labs\SpaceBattleShips\SpaceBattleShips\Source.cpp(652,28): warning C4838: Преобразование из "float" в "int" требует сужающего преобразования.
D:\GitHub\-Labs\SpaceBattleShips\SpaceBattleShips\Source.cpp(652,28): warning C4244: инициализация: преобразование "float" в "int", возможна потеря данных
D:\GitHub\-Labs\SpaceBattleShips\SpaceBattleShips\Source.cpp(652,39): warning C4838: Преобразование из "float" в "int" требует сужающего преобразования.
D:\GitHub\-Labs\SpaceBattleShips\SpaceBattleShips\Source.cpp(652,39): warning C4244: инициализация: преобразование "float" в "int", возможна потеря данных
D:\GitHub\-Labs\SpaceBattleShips\SpaceBattleShips\Source.cpp(652,44): warning C4838: Преобразование из "float" в "int" требует сужающего преобразования.
D:\GitHub\-Labs\SpaceBattleShips\SpaceBattleShips\Source.cpp(652,44): warning C4244: инициализация: преобразование "float" в "int", возможна потеря данных
D:\GitHub\-Labs\SpaceBattleShips\SpaceBattleShips\Source.cpp(652,54): warning C4838: Преобразование из "float" в "int" требует сужающего преобразования.
D:\GitHub\-Labs\SpaceBattleShips\SpaceBattleShips\Source.cpp(652,54): warning C4244: инициализация: преобразование "float" в "int", возможна потеря данных
D:\GitHub\-Labs\SpaceBattleShips\SpaceBattleShips\Source.cpp(669,72): warning C4244: =: преобразование "double" в "float", возможна потеря данных
D:\GitHub\-Labs\SpaceBattleShips\SpaceBattleShips\Source.cpp(686,59): warning C4838: Преобразование из "float" в "int" требует сужающего преобразования.
D:\GitHub\-Labs\SpaceBattleShips\SpaceBattleShips\Source.cpp(686,59): warning C4244: инициализация: преобразование "float" в "int", возможна потеря данных
D:\GitHub\-Labs\SpaceBattleShips\SpaceBattleShips\Source.cpp(686,103): warning C4838: Преобразование из "float" в "int" требует сужающего преобразования.
D:\GitHub\-Labs\SpaceBattleShips\SpaceBattleShips\Source.cpp(686,103): warning C4244: инициализация: преобразование "float" в "int", возможна потеря данных
D:\GitHub\-Labs\SpaceBattleShips\SpaceBattleShips\Source.cpp(686,115): warning C4838: Преобразование из "float" в "int" требует сужающего преобразования.
D:\GitHub\-Labs\SpaceBattleShips\SpaceBattleShips\Source.cpp(686,115): warning C4244: инициализация: преобразование "float" в "int", возможна потеря данных
D:\GitHub\-Labs\SpaceBattleShips\SpaceBattleShips\Source.cpp(686,127): warning C4838: Преобразование из "float" в "int" требует сужающего преобразования.
D:\GitHub\-Labs\SpaceBattleShips\SpaceBattleShips\Source.cpp(686,127): warning C4244: инициализация: преобразование "float" в "int", возможна потеря данных
D:\GitHub\-Labs\SpaceBattleShips\SpaceBattleShips\Source.cpp(693,123): warning C4244: аргумент: преобразование "float" в "int", возможна потеря данных
D:\GitHub\-Labs\SpaceBattleShips\SpaceBattleShips\Source.cpp(700,23): warning C4244: аргумент: преобразование "float" в "int", возможна потеря данных
D:\GitHub\-Labs\SpaceBattleShips\SpaceBattleShips\Source.cpp(702,116): warning C4244: аргумент: преобразование "float" в "int", возможна потеря данных
D:\GitHub\-Labs\SpaceBattleShips\SpaceBattleShips\Source.cpp(709,137): warning C4244: аргумент: преобразование "float" в "int", возможна потеря данных
D:\GitHub\-Labs\SpaceBattleShips\SpaceBattleShips\Source.cpp(740,80): warning C4244: аргумент: преобразование "float" в "int", возможна потеря данных
D:\GitHub\-Labs\SpaceBattleShips\SpaceBattleShips\Source.cpp(792,1): warning C4067: непредвиденные лексемы за директивой препроцессора, требуется newline
D:\GitHub\-Labs\SpaceBattleShips\SpaceBattleShips\Source.cpp(797,12): warning C4244: аргумент: преобразование "time_t" в "unsigned int", возможна потеря данных
  SpaceBattleShips.vcxproj -> D:\GitHub\-Labs\SpaceBattleShips\x64\Debug\SpaceBattleShips.exe
